<?xml version="1.0" encoding="UTF-8"?>
<!-- Generated by org.testng.reporters.JUnitXMLReporter -->
<testsuite ignored="0" hostname="LAPTOP-MV12IF5Q" failures="0" tests="10" name="Default test" time="92.698" errors="0" timestamp="2024-08-05T11:26:27 IST">
  <testcase classname="Com.Email.Send_Email_Service" name="loginPage" time="8.451"/>
  <testcase classname="Com.Email.Send_Email_Service" name="SendingEmail" time="0.007"/>
  <testcase classname="Com.Email.Send_Email_Service" name="SendingEmail" time="0.003"/>
  <testcase classname="Com.Email.Send_Email_Service" name="SendingEmail" time="54.42"/>
  <testcase classname="Com.Email.Send_Email_Service" name="SendingEmail" time="0.002"/>
  <testcase classname="Com.Email.Send_Email_Service" name="SendingEmail" time="0.002"/>
  <testcase classname="Com.Email.Send_Email_Service" name="SendingEmail" time="0.001"/>
  <testcase classname="Com.Email.Send_Email_Service" name="SendingEmail" time="0.002"/>
  <testcase classname="Com.Email.Send_Email_Service" name="SendingEmail" time="0.001"/>
  <testcase classname="Com.Email.Send_Email_Service" name="SendingEmail" time="0.051"/>
</testsuite> <!-- Default test -->
