<?xml version="1.0" encoding="UTF-8"?>
<testng-results ignored="0" total="10" passed="10" failed="0" skipped="0">
  <reporter-output>
  </reporter-output>
  <suite started-at="2024-08-05T11:24:55 IST" name="Default suite" finished-at="2024-08-05T11:26:27 IST" duration-ms="92698">
    <groups>
    </groups>
    <test started-at="2024-08-05T11:24:55 IST" name="Default test" finished-at="2024-08-05T11:26:27 IST" duration-ms="92698">
      <class name="Com.Email.Send_Email_Service">
        <test-method is-config="true" signature="report()[pri:0, instance:Com.Email.Send_Email_Service@49049a04]" started-at="2024-08-05T11:24:55 IST" name="report" finished-at="2024-08-05T11:24:55 IST" duration-ms="161" status="PASS">
          <reporter-output>
          </reporter-output>
        </test-method> <!-- report -->
        <test-method is-config="true" signature="setup()[pri:0, instance:Com.Email.Send_Email_Service@49049a04]" started-at="2024-08-05T11:24:55 IST" name="setup" finished-at="2024-08-05T11:25:18 IST" duration-ms="23520" status="PASS">
          <reporter-output>
          </reporter-output>
        </test-method> <!-- setup -->
        <test-method signature="loginPage()[pri:1, instance:Com.Email.Send_Email_Service@49049a04]" started-at="2024-08-05T11:25:18 IST" name="loginPage" finished-at="2024-08-05T11:25:27 IST" duration-ms="8451" status="PASS">
          <reporter-output>
          </reporter-output>
        </test-method> <!-- loginPage -->
        <test-method signature="SendingEmail(int,[Ljava.lang.String;)[pri:2, instance:Com.Email.Send_Email_Service@49049a04]" started-at="2024-08-05T11:25:28 IST" name="SendingEmail" data-provider="a" finished-at="2024-08-05T11:25:28 IST" duration-ms="7" status="PASS">
          <params>
            <param index="0">
              <value>
                <![CDATA[1]]>
              </value>
            </param>
            <param index="1">
              <value>
                <![CDATA[[Ljava.lang.String;@bf2aa32]]>
              </value>
            </param>
          </params>
          <reporter-output>
          </reporter-output>
        </test-method> <!-- SendingEmail -->
        <test-method signature="SendingEmail(int,[Ljava.lang.String;)[pri:2, instance:Com.Email.Send_Email_Service@49049a04]" started-at="2024-08-05T11:25:28 IST" name="SendingEmail" data-provider="a" finished-at="2024-08-05T11:25:28 IST" duration-ms="3" status="PASS">
          <params>
            <param index="0">
              <value>
                <![CDATA[2]]>
              </value>
            </param>
            <param index="1">
              <value>
                <![CDATA[[Ljava.lang.String;@5c5a91b4]]>
              </value>
            </param>
          </params>
          <reporter-output>
          </reporter-output>
        </test-method> <!-- SendingEmail -->
        <test-method signature="SendingEmail(int,[Ljava.lang.String;)[pri:2, instance:Com.Email.Send_Email_Service@49049a04]" started-at="2024-08-05T11:25:28 IST" name="SendingEmail" data-provider="a" finished-at="2024-08-05T11:26:22 IST" duration-ms="54420" status="PASS">
          <params>
            <param index="0">
              <value>
                <![CDATA[3]]>
              </value>
            </param>
            <param index="1">
              <value>
                <![CDATA[[Ljava.lang.String;@56da96b3]]>
              </value>
            </param>
          </params>
          <reporter-output>
          </reporter-output>
        </test-method> <!-- SendingEmail -->
        <test-method signature="SendingEmail(int,[Ljava.lang.String;)[pri:2, instance:Com.Email.Send_Email_Service@49049a04]" started-at="2024-08-05T11:26:22 IST" name="SendingEmail" data-provider="a" finished-at="2024-08-05T11:26:22 IST" duration-ms="2" status="PASS">
          <params>
            <param index="0">
              <value>
                <![CDATA[4]]>
              </value>
            </param>
            <param index="1">
              <value>
                <![CDATA[[Ljava.lang.String;@59ec7020]]>
              </value>
            </param>
          </params>
          <reporter-output>
          </reporter-output>
        </test-method> <!-- SendingEmail -->
        <test-method signature="SendingEmail(int,[Ljava.lang.String;)[pri:2, instance:Com.Email.Send_Email_Service@49049a04]" started-at="2024-08-05T11:26:22 IST" name="SendingEmail" data-provider="a" finished-at="2024-08-05T11:26:22 IST" duration-ms="2" status="PASS">
          <params>
            <param index="0">
              <value>
                <![CDATA[5]]>
              </value>
            </param>
            <param index="1">
              <value>
                <![CDATA[[Ljava.lang.String;@6b3d9c38]]>
              </value>
            </param>
          </params>
          <reporter-output>
          </reporter-output>
        </test-method> <!-- SendingEmail -->
        <test-method signature="SendingEmail(int,[Ljava.lang.String;)[pri:2, instance:Com.Email.Send_Email_Service@49049a04]" started-at="2024-08-05T11:26:22 IST" name="SendingEmail" data-provider="a" finished-at="2024-08-05T11:26:22 IST" duration-ms="1" status="PASS">
          <params>
            <param index="0">
              <value>
                <![CDATA[6]]>
              </value>
            </param>
            <param index="1">
              <value>
                <![CDATA[[Ljava.lang.String;@5e37fb82]]>
              </value>
            </param>
          </params>
          <reporter-output>
          </reporter-output>
        </test-method> <!-- SendingEmail -->
        <test-method signature="SendingEmail(int,[Ljava.lang.String;)[pri:2, instance:Com.Email.Send_Email_Service@49049a04]" started-at="2024-08-05T11:26:22 IST" name="SendingEmail" data-provider="a" finished-at="2024-08-05T11:26:22 IST" duration-ms="2" status="PASS">
          <params>
            <param index="0">
              <value>
                <![CDATA[7]]>
              </value>
            </param>
            <param index="1">
              <value>
                <![CDATA[[Ljava.lang.String;@4d0e1a9a]]>
              </value>
            </param>
          </params>
          <reporter-output>
          </reporter-output>
        </test-method> <!-- SendingEmail -->
        <test-method signature="SendingEmail(int,[Ljava.lang.String;)[pri:2, instance:Com.Email.Send_Email_Service@49049a04]" started-at="2024-08-05T11:26:22 IST" name="SendingEmail" data-provider="a" finished-at="2024-08-05T11:26:22 IST" duration-ms="1" status="PASS">
          <params>
            <param index="0">
              <value>
                <![CDATA[8]]>
              </value>
            </param>
            <param index="1">
              <value>
                <![CDATA[[Ljava.lang.String;@426710f0]]>
              </value>
            </param>
          </params>
          <reporter-output>
          </reporter-output>
        </test-method> <!-- SendingEmail -->
        <test-method signature="SendingEmail(int,[Ljava.lang.String;)[pri:2, instance:Com.Email.Send_Email_Service@49049a04]" started-at="2024-08-05T11:26:22 IST" name="SendingEmail" data-provider="a" finished-at="2024-08-05T11:26:22 IST" duration-ms="51" status="PASS">
          <params>
            <param index="0">
              <value>
                <![CDATA[9]]>
              </value>
            </param>
            <param index="1">
              <value>
                <![CDATA[[Ljava.lang.String;@25218a4d]]>
              </value>
            </param>
          </params>
          <reporter-output>
          </reporter-output>
        </test-method> <!-- SendingEmail -->
        <test-method is-config="true" signature="close()[pri:0, instance:Com.Email.Send_Email_Service@49049a04]" started-at="2024-08-05T11:26:22 IST" name="close" finished-at="2024-08-05T11:26:27 IST" duration-ms="5081" status="PASS">
          <reporter-output>
          </reporter-output>
        </test-method> <!-- close -->
        <test-method is-config="true" signature="teardown()[pri:0, instance:Com.Email.Send_Email_Service@49049a04]" started-at="2024-08-05T11:26:27 IST" name="teardown" finished-at="2024-08-05T11:26:27 IST" duration-ms="230" status="PASS">
          <reporter-output>
          </reporter-output>
        </test-method> <!-- teardown -->
      </class> <!-- Com.Email.Send_Email_Service -->
    </test> <!-- Default test -->
  </suite> <!-- Default suite -->
</testng-results>
